<?xml version="1.0" encoding="UTF-8"?>
<testsuite name="tk.lenkyun.foodbook.ControllerApplicationTests" tests="1" skipped="0" failures="0" errors="0" timestamp="2015-11-05T22:01:05" hostname="DESKTOP-VR3AG97" time="0.012">
  <properties/>
  <testcase name="contextLoads" classname="tk.lenkyun.foodbook.ControllerApplicationTests" time="0.012"/>
  <system-out><![CDATA[05:00:58.014 [Test worker] DEBUG o.s.t.c.j.SpringJUnit4ClassRunner - SpringJUnit4ClassRunner constructor called with [class tk.lenkyun.foodbook.ControllerApplicationTests]
05:00:58.026 [Test worker] DEBUG o.s.test.context.BootstrapUtils - Instantiating CacheAwareContextLoaderDelegate from class [org.springframework.test.context.cache.DefaultCacheAwareContextLoaderDelegate]
05:00:58.038 [Test worker] DEBUG o.s.test.context.BootstrapUtils - Instantiating BootstrapContext using constructor [public org.springframework.test.context.support.DefaultBootstrapContext(java.lang.Class,org.springframework.test.context.CacheAwareContextLoaderDelegate)]
05:00:58.054 [Test worker] DEBUG o.s.test.context.BootstrapUtils - Instantiating TestContextBootstrapper for test class [tk.lenkyun.foodbook.ControllerApplicationTests] from class [org.springframework.test.context.support.DefaultTestContextBootstrapper]
05:00:58.099 [Test worker] DEBUG o.s.t.c.s.DefaultTestContextBootstrapper - Found explicit ContextLoader class [org.springframework.boot.test.SpringApplicationContextLoader] for context configuration attributes [ContextConfigurationAttributes@524512a7 declaringClass = 'tk.lenkyun.foodbook.ControllerApplicationTests', classes = '{class tk.lenkyun.foodbook.ControllerApplication}', locations = '{}', inheritLocations = true, initializers = '{}', inheritInitializers = true, name = [null], contextLoaderClass = 'org.springframework.boot.test.SpringApplicationContextLoader']
05:00:58.113 [Test worker] DEBUG o.s.t.c.s.AbstractContextLoader - Did not detect default resource location for test class [tk.lenkyun.foodbook.ControllerApplicationTests]: class path resource [tk/lenkyun/foodbook/ControllerApplicationTests-context.xml] does not exist
05:00:58.114 [Test worker] DEBUG o.s.t.c.s.AbstractContextLoader - Did not detect default resource location for test class [tk.lenkyun.foodbook.ControllerApplicationTests]: class path resource [tk/lenkyun/foodbook/ControllerApplicationTestsContext.groovy] does not exist
05:00:58.114 [Test worker] INFO  o.s.t.c.s.AbstractContextLoader - Could not detect default resource locations for test class [tk.lenkyun.foodbook.ControllerApplicationTests]: no resource found for suffixes {-context.xml, Context.groovy}.
05:00:58.119 [Test worker] DEBUG o.s.t.c.support.ActiveProfilesUtils - Could not find an 'annotation declaring class' for annotation type [org.springframework.test.context.ActiveProfiles] and class [tk.lenkyun.foodbook.ControllerApplicationTests]
05:00:58.127 [Test worker] DEBUG o.s.t.c.s.DefaultTestContextBootstrapper - @TestExecutionListeners is not present for class [tk.lenkyun.foodbook.ControllerApplicationTests]: using defaults.
05:00:58.144 [Test worker] INFO  o.s.t.c.s.DefaultTestContextBootstrapper - Loaded default TestExecutionListener class names from location [META-INF/spring.factories]: [org.springframework.test.context.web.ServletTestExecutionListener, org.springframework.test.context.support.DirtiesContextBeforeModesTestExecutionListener, org.springframework.test.context.support.DependencyInjectionTestExecutionListener, org.springframework.test.context.support.DirtiesContextTestExecutionListener, org.springframework.test.context.transaction.TransactionalTestExecutionListener, org.springframework.test.context.jdbc.SqlScriptsTestExecutionListener]
05:00:58.249 [Test worker] INFO  o.s.t.c.s.DefaultTestContextBootstrapper - Using TestExecutionListeners: [org.springframework.test.context.web.ServletTestExecutionListener@28ce32b6, org.springframework.test.context.support.DirtiesContextBeforeModesTestExecutionListener@4756319c, org.springframework.test.context.support.DependencyInjectionTestExecutionListener@50d0da45, org.springframework.test.context.support.DirtiesContextTestExecutionListener@186592f6, org.springframework.test.context.transaction.TransactionalTestExecutionListener@416748ce, org.springframework.test.context.jdbc.SqlScriptsTestExecutionListener@374b4baf]
05:00:58.256 [Test worker] DEBUG o.s.t.annotation.ProfileValueUtils - Retrieved @ProfileValueSourceConfiguration [null] for test class [tk.lenkyun.foodbook.ControllerApplicationTests]
05:00:58.258 [Test worker] DEBUG o.s.t.annotation.ProfileValueUtils - Retrieved ProfileValueSource type [class org.springframework.test.annotation.SystemProfileValueSource] for class [tk.lenkyun.foodbook.ControllerApplicationTests]
05:00:58.259 [Test worker] DEBUG o.s.t.annotation.ProfileValueUtils - Retrieved @ProfileValueSourceConfiguration [null] for test class [tk.lenkyun.foodbook.ControllerApplicationTests]
05:00:58.260 [Test worker] DEBUG o.s.t.annotation.ProfileValueUtils - Retrieved ProfileValueSource type [class org.springframework.test.annotation.SystemProfileValueSource] for class [tk.lenkyun.foodbook.ControllerApplicationTests]
05:00:58.269 [Test worker] DEBUG o.s.t.c.s.AbstractDirtiesContextTestExecutionListener - Before test class: context [DefaultTestContext@55638b0a testClass = ControllerApplicationTests, testInstance = [null], testMethod = [null], testException = [null], mergedContextConfiguration = [MergedContextConfiguration@a473da6 testClass = ControllerApplicationTests, locations = '{}', classes = '{class tk.lenkyun.foodbook.ControllerApplication}', contextInitializerClasses = '[]', activeProfiles = '{}', propertySourceLocations = '{}', propertySourceProperties = '{}', contextLoader = 'org.springframework.boot.test.SpringApplicationContextLoader', parent = [null]]], class annotated with @DirtiesContext [false] with mode [null].
05:00:58.271 [Test worker] DEBUG o.s.t.annotation.ProfileValueUtils - Retrieved @ProfileValueSourceConfiguration [null] for test class [tk.lenkyun.foodbook.ControllerApplicationTests]
05:00:58.271 [Test worker] DEBUG o.s.t.annotation.ProfileValueUtils - Retrieved ProfileValueSource type [class org.springframework.test.annotation.SystemProfileValueSource] for class [tk.lenkyun.foodbook.ControllerApplicationTests]
05:00:58.277 [Test worker] DEBUG o.s.t.c.s.DependencyInjectionTestExecutionListener - Performing dependency injection for test context [[DefaultTestContext@55638b0a testClass = ControllerApplicationTests, testInstance = tk.lenkyun.foodbook.ControllerApplicationTests@3a9672be, testMethod = [null], testException = [null], mergedContextConfiguration = [MergedContextConfiguration@a473da6 testClass = ControllerApplicationTests, locations = '{}', classes = '{class tk.lenkyun.foodbook.ControllerApplication}', contextInitializerClasses = '[]', activeProfiles = '{}', propertySourceLocations = '{}', propertySourceProperties = '{}', contextLoader = 'org.springframework.boot.test.SpringApplicationContextLoader', parent = [null]]]].
05:00:58.494 [Test worker] DEBUG o.s.core.env.StandardEnvironment - Adding [systemProperties] PropertySource with lowest search precedence
05:00:58.496 [Test worker] DEBUG o.s.core.env.StandardEnvironment - Adding [systemEnvironment] PropertySource with lowest search precedence
05:00:58.497 [Test worker] DEBUG o.s.core.env.StandardEnvironment - Initialized StandardEnvironment with PropertySources [systemProperties,systemEnvironment]
05:00:58.501 [Test worker] DEBUG o.s.core.env.StandardEnvironment - Adding [integrationTest] PropertySource with search precedence immediately lower than [systemEnvironment]

  .   ____          _            __ _ _
 /\\ / ___'_ __ _ _(_)_ __  __ _ \ \ \ \
( ( )\___ | '_ | '_| | '_ \/ _` | \ \ \ \
 \\/  ___)| |_)| | | | | || (_| |  ) ) ) )
  '  |____| .__|_| |_|_| |_\__, | / / / /
 =========|_|==============|___/=/_/_/_/
 :: Spring Boot ::  (v1.3.0.BUILD-SNAPSHOT)

2015-11-06 05:00:59.289  INFO 9188 --- [    Test worker] t.l.foodbook.ControllerApplicationTests  : Starting ControllerApplicationTests on DESKTOP-VR3AG97 with PID 9188 (D:\work_offline\controller\controller\build\classes\test started by lenkyun in D:\work_offline\controller\controller)
2015-11-06 05:00:59.290  INFO 9188 --- [    Test worker] t.l.foodbook.ControllerApplicationTests  : No profiles are active
2015-11-06 05:00:59.388  INFO 9188 --- [    Test worker] s.c.a.AnnotationConfigApplicationContext : Refreshing org.springframework.context.annotation.AnnotationConfigApplicationContext@33baf0ea: startup date [Fri Nov 06 05:00:59 ICT 2015]; root of context hierarchy
2015-11-06 05:01:01.828  INFO 9188 --- [    Test worker] f.a.AutowiredAnnotationBeanPostProcessor : JSR-330 'javax.inject.Inject' annotation found and supported for autowiring
2015-11-06 05:01:05.453  INFO 9188 --- [    Test worker] t.l.foodbook.ControllerApplicationTests  : Started ControllerApplicationTests in 6.947 seconds (JVM running for 9.465)
]]></system-out>
  <system-err><![CDATA[]]></system-err>
</testsuite>
